Removed Pin From Net: NetName=Din Pin=U3-46
Removed Pin From Net: NetName=ADC C\S\ Pin=U3-47
Add Component: Footprint Not Found CAPACITOR_0402_1005M_55N
Add Component: Footprint Not Found CAPACITOR_0402_1005M_55N
Add Component: Footprint Not Found MOLEX_0530470410
Add Component: Footprint Not Found MOLEX_0530470410
Add Component: Footprint Not Found CAPACITOR_0402_1005M_55N
Add Component: Footprint Not Found RESISTOR_0805_2012M-50N
Add Component: Footprint Not Found RESISTOR_0805_2012M-50N
Add Component: Footprint Not Found Resistor_0805_2012M-50N
Add Component: Footprint Not Found RESISTOR_0805_2012M-50N
Add Component: Footprint Not Found Resistor_0805_2012M-50N
Add Component: Footprint Not Found Resistor_0805_2012M-50N
Add Component: Footprint Not Found Resistor_0805_2012M-50N
Add Component: Footprint Not Found Resistor_0805_2012M-50N
Add Component: Footprint Not Found SSOP-16N-3.9mmBody-1.75mm
Add Component: Footprint Not Found LQFP_PT_48_N
Add Component: Footprint Not Found TSSOP-16N_4.4mmBody-1.2mm
Add Pin To Net: Unknown Pin: Pin C?-1
Add Pin To Net: Unknown Pin: Pin C?-1
Add Pin To Net: Unknown Pin: Pin C?-2
Add Pin To Net: Unknown Pin: Pin C?-2
Add Pin To Net: Unknown Pin: Pin R?-1
Add Pin To Net: Unknown Pin: Pin R?-1
Add Pin To Net: Unknown Pin: Pin R?-2
Add Pin To Net: Unknown Pin: Pin R?-2
Add Pin To Net: Unknown Pin: Pin R?-2
Add Pin To Net: Unknown Pin: Pin Ra-1
Add Pin To Net: Unknown Pin: Pin Ra-2
Add Pin To Net: Unknown Pin: Pin Rb-1
Add Pin To Net: Unknown Pin: Pin Rs-1
Add Pin To Net: Unknown Pin: Pin Rs-2
Added Pin To Net: NetName=ADC C\S\ Pin=U3-46
Added Pin To Net: NetName=Din Pin=U3-47
Add Pin To Net: Unknown Pin: Pin U?-1
Add Pin To Net: Unknown Pin: Pin U?-1
Add Pin To Net: Unknown Pin: Pin U?-3
Add Pin To Net: Unknown Pin: Pin U?-3
Add Pin To Net: Unknown Pin: Pin U?-6
Add Pin To Net: Unknown Pin: Pin U?-7
Add Pin To Net: Unknown Pin: Pin U?-10
Add Pin To Net: Unknown Pin: Pin U?-11
Add Pin To Net: Unknown Pin: Pin U?-22
Add Pin To Net: Unknown Pin: Pin U?-37
Added Net: Name=NetJ?_1
Added Net: Name=NetJ?_2
Added Net: Name=NetJ?_3
Added Net: Name=NetJ?_4
Add Net: Net with name "NetJ?_4" already exists
Added Net: Name=NetR?_1
Add Net: Net with name "NetR?_1" already exists
Add Net: Net with name "NetR?_1" already exists
Added Net: Name=NetU?_14
Added Net: Name=NetU?_16
Add Class Member: Failed to add class member : Component C? *
Add Class Member: Failed to add class member : Component C? *
Add Class Member: Failed to add class member : Component J? 0530470410
Add Class Member: Failed to add class member : Component J? 0530470410
Add Class Member: Failed to add class member : Component R? *
Add Class Member: Failed to add class member : Component R? *
Add Class Member: Failed to add class member : Component R? *
Add Class Member: Failed to add class member : Component R? *
Add Class Member: Failed to add class member : Component R? *
Add Class Member: Failed to add class member : Component R? *
Add Class Member: Failed to add class member : Component Ra *
Add Class Member: Failed to add class member : Component Rb *
Add Class Member: Failed to add class member : Component Rs *
Add Class Member: Failed to add class member : Component U? LT6222IGN#PBFA
Add Class Member: Failed to add class member : Component U? MSP430FR2355TPT
Add Class Member: Failed to add class member : Component U? ADC128S052QCMT
Added Rule: Name=Schematic Supply Nets
Added Rule: Name=Schematic Supply Nets_1
